#-----------------------------------------------------------
# Vivado v2018.2 (64-bit)
# SW Build 2258646 on Thu Jun 14 20:03:12 MDT 2018
# IP Build 2256618 on Thu Jun 14 22:10:49 MDT 2018
# Start of session at: Tue Mar 19 18:17:37 2019
# Process ID: 4628
# Current directory: C:/Users/melik/eclipse-workspace/zyboz7_workshop/vivado_project/proj
# Command line: vivado.exe -gui_launcher_event rodinguilauncherevent12268 C:\Users\melik\eclipse-workspace\zyboz7_workshop\vivado_project\proj\zyboz7_pcam.xpr
# Log file: C:/Users/melik/eclipse-workspace/zyboz7_workshop/vivado_project/proj/vivado.log
# Journal file: C:/Users/melik/eclipse-workspace/zyboz7_workshop/vivado_project/proj\vivado.jou
#-----------------------------------------------------------
start_gui
open_project C:/Users/melik/eclipse-workspace/zyboz7_workshop/vivado_project/proj/zyboz7_pcam.xpr
Scanning sources...
Finished scanning sources
INFO: [IP_Flow 19-234] Refreshing IP repositories
INFO: [IP_Flow 19-1700] Loaded user IP repository 'c:/Users/melik/eclipse-workspace/zyboz7_workshop/vivado_project/repo'.
INFO: [IP_Flow 19-1700] Loaded user IP repository 'c:/Users/melik/eclipse-workspace/edge_detect/solution1/impl/ip'.
INFO: [IP_Flow 19-2313] Loaded Vivado IP repository 'C:/Xilinx/Vivado/2018.2/data/ip'.
open_project: Time (s): cpu = 00:01:00 ; elapsed = 00:01:03 . Memory (MB): peak = 987.688 ; gain = 294.273
update_compile_order -fileset sources_1
open_bd_design {C:/Users/melik/eclipse-workspace/zyboz7_workshop/vivado_project/proj/zyboz7_pcam.srcs/sources_1/bd/system/system.bd}
Adding cell -- xilinx.com:ip:axi_vdma:6.3 - axi_vdma_0
Adding cell -- xilinx.com:hls:edge_detect:1.0 - edge_detect_0
Adding cell -- xilinx.com:module_ref:DVIClocking:1.0 - DVIClocking_0
Adding cell -- digilentinc.com:ip:rgb2dvi:1.4 - rgb2dvi_0
Adding cell -- xilinx.com:ip:proc_sys_reset:5.0 - rst_vid_clk_dyn
Adding cell -- xilinx.com:ip:v_axi4s_vid_out:4.0 - v_axi4s_vid_out_0
Adding cell -- xilinx.com:ip:clk_wiz:6.0 - video_dynclk
Adding cell -- xilinx.com:ip:v_tc:6.1 - vtg
WARNING: [BD 41-1731] Type mismatch between connected pins: /video_out/DVIClocking_0/SerialClk(undef) and /video_out/rgb2dvi_0/SerialClk(clk)
WARNING: [BD 41-1731] Type mismatch between connected pins: /video_out/DVIClocking_0/PixelClk(undef) and /video_out/rgb2dvi_0/PixelClk(clk)
WARNING: [BD 41-1731] Type mismatch between connected pins: /video_out/DVIClocking_0/PixelClk(undef) and /video_out/rst_vid_clk_dyn/slowest_sync_clk(clk)
WARNING: [BD 41-1731] Type mismatch between connected pins: /video_out/DVIClocking_0/PixelClk(undef) and /video_out/v_axi4s_vid_out_0/vid_io_out_clk(clk)
WARNING: [BD 41-1731] Type mismatch between connected pins: /video_out/DVIClocking_0/PixelClk(undef) and /video_out/vtg/clk(clk)
WARNING: [BD 41-1731] Type mismatch between connected pins: /video_out/v_axi4s_vid_out_0/locked(undef) and /video_out/rgb2dvi_0/aRst_n(rst)
WARNING: [BD 41-1731] Type mismatch between connected pins: /video_out/video_dynclk/pxl_clk_5x(clk) and /video_out/DVIClocking_0/PixelClk5X(undef)
Adding cell -- xilinx.com:ip:clk_wiz:6.0 - clk_wiz_0
Adding cell -- xilinx.com:ip:processing_system7:5.5 - processing_system7_0
Adding cell -- xilinx.com:ip:proc_sys_reset:5.0 - rst_clk_wiz_0_50M
Adding cell -- xilinx.com:ip:xlconcat:2.1 - xlconcat_0
Adding cell -- xilinx.com:ip:axi_crossbar:2.1 - xbar
Adding cell -- xilinx.com:ip:axi_protocol_converter:2.1 - auto_pc
Adding cell -- xilinx.com:ip:axi_protocol_converter:2.1 - auto_pc
Adding cell -- xilinx.com:ip:axi_protocol_converter:2.1 - auto_pc
Adding cell -- digilentinc.com:user:AXI_BayerToRGB:1.0 - AXI_BayerToRGB_1
Adding cell -- digilentinc.com:user:AXI_GammaCorrection:1.0 - AXI_GammaCorrection_0
Adding cell -- digilentinc.com:ip:MIPI_CSI_2_RX:1.0 - MIPI_CSI_2_RX_0
Adding cell -- digilentinc.com:ip:MIPI_D_PHY_RX:1.0 - MIPI_D_PHY_RX_0
Successfully read diagram <system> from BD file <C:/Users/melik/eclipse-workspace/zyboz7_workshop/vivado_project/proj/zyboz7_pcam.srcs/sources_1/bd/system/system.bd>
open_bd_design: Time (s): cpu = 00:00:16 ; elapsed = 00:00:13 . Memory (MB): peak = 1032.539 ; gain = 41.816
file copy -force C:/Users/melik/eclipse-workspace/zyboz7_workshop/vivado_project/proj/zyboz7_pcam.runs/impl_1/system_wrapper.sysdef C:/Users/melik/eclipse-workspace/zyboz7_workshop/vivado_project/proj/zyboz7_pcam.sdk/system_wrapper.hdf

launch_sdk -workspace C:/Users/melik/eclipse-workspace/zyboz7_workshop/vivado_project/proj/zyboz7_pcam.sdk -hwspec C:/Users/melik/eclipse-workspace/zyboz7_workshop/vivado_project/proj/zyboz7_pcam.sdk/system_wrapper.hdf
INFO: [Vivado 12-393] Launching SDK...
INFO: [Vivado 12-417] Running xsdk -workspace C:/Users/melik/eclipse-workspace/zyboz7_workshop/vivado_project/proj/zyboz7_pcam.sdk -hwspec C:/Users/melik/eclipse-workspace/zyboz7_workshop/vivado_project/proj/zyboz7_pcam.sdk/system_wrapper.hdf
INFO: [Vivado 12-3157] SDK launch initiated. Please check console for any further messages.
exit
INFO: [Common 17-206] Exiting Vivado at Tue Mar 19 18:24:45 2019...
